<?xml version="1.0" encoding="UTF-8"?>
<testsuite xmlns:xsi="http://www.w3.org/2001/XMLSchema-instance" xsi:noNamespaceSchemaLocation="https://maven.apache.org/surefire/maven-surefire-plugin/xsd/surefire-test-report.xsd" name="com.hmdp.HmDianPingApplicationTests" time="26.278" tests="7" errors="0" skipped="0" failures="0">
  <properties>
[...]
</properties>
  <testcase name="testaddSeckillVoucher" classname="com.hmdp.HmDianPingApplicationTests" time="0.214"/>
  <testcase name="testRedisson" classname="com.hmdp.HmDianPingApplicationTests" time="0.03"/>
  <testcase name="testIdWorker" classname="com.hmdp.HmDianPingApplicationTests" time="0.332"/>
  <testcase name="should_return_400_if_param_not_valid" classname="com.hmdp.HmDianPingApplicationTests" time="0.09"/>
  <testcase name="addDataTest" classname="com.hmdp.HmDianPingApplicationTests" time="19.12"/>
  <testcase name="loadShopData" classname="com.hmdp.HmDianPingApplicationTests" time="0.712"/>
  <testcase name="testStream" classname="com.hmdp.HmDianPingApplicationTests" time="2.119"/>
</testsuite>